base/build/intermediates/manifest_merge_blame_file/debug/manifest-merger-blame-debug-report.txt
1<?xml version="1.0" encoding="utf-8"?>
2<manifest xmlns:android="http://schemas.android.com/apk/res/android"
3    package="sk.foo.base" >
4
5    <uses-sdk android:minSdkVersion="21" />
5-->src\main\AndroidManifest.xml
6
7    <application
7-->src\main\AndroidManifest.xml:5:5-19:19
8        android:allowBackup="true"
8-->src\main\AndroidManifest.xml:6:9-35
9        android:icon="@mipmap/ic_launcher"
9-->src\main\AndroidManifest.xml:7:9-43
10        android:label="@string/app_name"
10-->src\main\AndroidManifest.xml:8:9-41
11        android:roundIcon="@mipmap/ic_launcher_round"
11-->src\main\AndroidManifest.xml:9:9-54
12        android:supportsRtl="true"
12-->src\main\AndroidManifest.xml:10:9-35
13        android:theme="@style/AppTheme" >
13-->src\main\AndroidManifest.xml:11:9-40
14        <activity android:name="sk.foo.base.MainActivity" >
14-->src\main\AndroidManifest.xml:12:9-18:20
14-->src\main\AndroidManifest.xml:12:19-47
15            <intent-filter>
15-->src\main\AndroidManifest.xml:13:13-17:29
16                <action android:name="android.intent.action.MAIN" />
16-->src\main\AndroidManifest.xml:14:17-69
16-->src\main\AndroidManifest.xml:14:25-66
17
18                <category android:name="android.intent.category.LAUNCHER" />
18-->src\main\AndroidManifest.xml:16:17-77
18-->src\main\AndroidManifest.xml:16:27-74
19            </intent-filter>
20        </activity>
21    </application>
22
23</manifest>